  main.cpp
C:\Users\fabol\OneDrive\Escritorio\Programming\winter\inheritance design\w12\main.cpp(16,7): error C2059: syntax error: 'using namespace'
C:\Users\fabol\OneDrive\Escritorio\Programming\winter\inheritance design\w12\main.cpp(16,20): error C2238: unexpected token(s) preceding ';'
C:\Users\fabol\OneDrive\Escritorio\Programming\winter\inheritance design\w12\main.cpp(41,18): error C2838: 'metersFromPixels': illegal qualified name in member declaration
C:\Program Files\Microsoft Visual Studio\2022\Community\VC\Tools\MSVC\14.39.33519\include\excpt.h(17,1): error C2059: syntax error: 'string'
  (compiling source file 'main.cpp')
  
C:\Program Files\Microsoft Visual Studio\2022\Community\VC\Tools\MSVC\14.39.33519\include\excpt.h(17,1): error C2334: unexpected token(s) preceding '{'; skipping apparent function body
  (compiling source file 'main.cpp')
  
C:\Program Files\Microsoft Visual Studio\2022\Community\VC\Tools\MSVC\14.39.33519\include\stdarg.h(16,1): error C2059: syntax error: 'string'
  (compiling source file 'main.cpp')
  
C:\Program Files\Microsoft Visual Studio\2022\Community\VC\Tools\MSVC\14.39.33519\include\stdarg.h(16,1): error C2334: unexpected token(s) preceding '{'; skipping apparent function body
  (compiling source file 'main.cpp')
  
C:\Program Files (x86)\Windows Kits\10\Include\10.0.22621.0\shared\windef.h(17,8): error C2059: syntax error: 'string'
  (compiling source file 'main.cpp')
  
C:\Program Files (x86)\Windows Kits\10\Include\10.0.22621.0\shared\windef.h(17,12): error C2334: unexpected token(s) preceding '{'; skipping apparent function body
  (compiling source file 'main.cpp')
  
C:\Program Files (x86)\Windows Kits\10\Include\10.0.22621.0\um\winnt.h(2871,19): warning C4164: '_bittestandcomplement': intrinsic function not declared
  (compiling source file 'main.cpp')
  
C:\Program Files (x86)\Windows Kits\10\Include\10.0.22621.0\um\winnt.h(2872,19): warning C4164: '_bittestandset': intrinsic function not declared
  (compiling source file 'main.cpp')
  
C:\Program Files (x86)\Windows Kits\10\Include\10.0.22621.0\um\winnt.h(2873,19): warning C4164: '_bittestandreset': intrinsic function not declared
  (compiling source file 'main.cpp')
  
C:\Program Files (x86)\Windows Kits\10\Include\10.0.22621.0\um\winnt.h(2876,19): warning C4164: '_interlockedbittestandset': intrinsic function not declared
  (compiling source file 'main.cpp')
  
C:\Program Files (x86)\Windows Kits\10\Include\10.0.22621.0\um\winnt.h(2877,19): warning C4164: '_interlockedbittestandreset': intrinsic function not declared
  (compiling source file 'main.cpp')
  
C:\Program Files (x86)\Windows Kits\10\Include\10.0.22621.0\um\winnt.h(2880,19): warning C4164: '_bittest64': intrinsic function not declared
  (compiling source file 'main.cpp')
  
C:\Program Files (x86)\Windows Kits\10\Include\10.0.22621.0\um\winnt.h(2881,19): warning C4164: '_bittestandcomplement64': intrinsic function not declared
  (compiling source file 'main.cpp')
  
C:\Program Files (x86)\Windows Kits\10\Include\10.0.22621.0\um\winnt.h(2882,19): warning C4164: '_bittestandset64': intrinsic function not declared
  (compiling source file 'main.cpp')
  
C:\Program Files (x86)\Windows Kits\10\Include\10.0.22621.0\um\winnt.h(2883,19): warning C4164: '_bittestandreset64': intrinsic function not declared
  (compiling source file 'main.cpp')
  
C:\Program Files (x86)\Windows Kits\10\Include\10.0.22621.0\um\winnt.h(2886,19): warning C4164: '_interlockedbittestandset64': intrinsic function not declared
  (compiling source file 'main.cpp')
  
C:\Program Files (x86)\Windows Kits\10\Include\10.0.22621.0\um\winnt.h(2887,19): warning C4164: '_interlockedbittestandreset64': intrinsic function not declared
  (compiling source file 'main.cpp')
  
C:\Program Files (x86)\Windows Kits\10\Include\10.0.22621.0\um\winnt.h(3260,19): warning C4164: '_InterlockedExchangePointer': intrinsic function not declared
  (compiling source file 'main.cpp')
  
C:\Program Files (x86)\Windows Kits\10\Include\10.0.22621.0\um\winnt.h(3261,19): warning C4164: '_InterlockedCompareExchangePointer': intrinsic function not declared
  (compiling source file 'main.cpp')
  
C:\Program Files (x86)\Windows Kits\10\Include\10.0.22621.0\um\winnt.h(3397,19): warning C4164: '__cpuidex': intrinsic function not declared
  (compiling source file 'main.cpp')
  
C:\Program Files (x86)\Windows Kits\10\Include\10.0.22621.0\um\winnt.h(3458,19): warning C4164: '_mm_clflush': intrinsic function not declared
  (compiling source file 'main.cpp')
  
C:\Program Files (x86)\Windows Kits\10\Include\10.0.22621.0\um\winnt.h(3562,19): warning C4164: '__faststorefence': intrinsic function not declared
  (compiling source file 'main.cpp')
  
C:\Program Files (x86)\Windows Kits\10\Include\10.0.22621.0\um\winnt.h(3573,19): warning C4164: '_mm_prefetch': intrinsic function not declared
  (compiling source file 'main.cpp')
  
C:\Program Files (x86)\Windows Kits\10\Include\10.0.22621.0\um\winnt.h(3574,19): warning C4164: '_mm_lfence': intrinsic function not declared
  (compiling source file 'main.cpp')
  
C:\Program Files (x86)\Windows Kits\10\Include\10.0.22621.0\um\winnt.h(3575,19): warning C4164: '_mm_mfence': intrinsic function not declared
  (compiling source file 'main.cpp')
  
C:\Program Files (x86)\Windows Kits\10\Include\10.0.22621.0\um\winnt.h(3576,19): warning C4164: '_mm_sfence': intrinsic function not declared
  (compiling source file 'main.cpp')
  
C:\Program Files (x86)\Windows Kits\10\Include\10.0.22621.0\um\winnt.h(3577,19): warning C4164: '_m_prefetchw': intrinsic function not declared
  (compiling source file 'main.cpp')
  
C:\Program Files (x86)\Windows Kits\10\Include\10.0.22621.0\um\winnt.h(3619,19): warning C4164: '_mm_getcsr': intrinsic function not declared
  (compiling source file 'main.cpp')
  
C:\Program Files (x86)\Windows Kits\10\Include\10.0.22621.0\um\winnt.h(3620,19): warning C4164: '_mm_setcsr': intrinsic function not declared
  (compiling source file 'main.cpp')
  
C:\Program Files (x86)\Windows Kits\10\Include\10.0.22621.0\um\winnt.h(3637,19): warning C4164: '__getcallerseflags': intrinsic function not declared
  (compiling source file 'main.cpp')
  
C:\Program Files (x86)\Windows Kits\10\Include\10.0.22621.0\um\winnt.h(3650,19): warning C4164: '__segmentlimit': intrinsic function not declared
  (compiling source file 'main.cpp')
  
C:\Program Files (x86)\Windows Kits\10\Include\10.0.22621.0\um\winnt.h(3663,19): warning C4164: '__readpmc': intrinsic function not declared
  (compiling source file 'main.cpp')
  
C:\Program Files (x86)\Windows Kits\10\Include\10.0.22621.0\um\winnt.h(3676,19): warning C4164: '__rdtsc': intrinsic function not declared
  (compiling source file 'main.cpp')
  
C:\Program Files (x86)\Windows Kits\10\Include\10.0.22621.0\um\winnt.h(3710,19): warning C4164: '__movsb': intrinsic function not declared
  (compiling source file 'main.cpp')
  
C:\Program Files (x86)\Windows Kits\10\Include\10.0.22621.0\um\winnt.h(3711,19): warning C4164: '__movsw': intrinsic function not declared
  (compiling source file 'main.cpp')
  
C:\Program Files (x86)\Windows Kits\10\Include\10.0.22621.0\um\winnt.h(3712,19): warning C4164: '__movsd': intrinsic function not declared
  (compiling source file 'main.cpp')
  
C:\Program Files (x86)\Windows Kits\10\Include\10.0.22621.0\um\winnt.h(3713,19): warning C4164: '__movsq': intrinsic function not declared
  (compiling source file 'main.cpp')
  
C:\Program Files (x86)\Windows Kits\10\Include\10.0.22621.0\um\winnt.h(3747,19): warning C4164: '__stosb': intrinsic function not declared
  (compiling source file 'main.cpp')
  
C:\Program Files (x86)\Windows Kits\10\Include\10.0.22621.0\um\winnt.h(3748,19): warning C4164: '__stosw': intrinsic function not declared
  (compiling source file 'main.cpp')
  
C:\Program Files (x86)\Windows Kits\10\Include\10.0.22621.0\um\winnt.h(3749,19): warning C4164: '__stosd': intrinsic function not declared
  (compiling source file 'main.cpp')
  
C:\Program Files (x86)\Windows Kits\10\Include\10.0.22621.0\um\winnt.h(3750,19): warning C4164: '__stosq': intrinsic function not declared
  (compiling source file 'main.cpp')
  
C:\Program Files (x86)\Windows Kits\10\Include\10.0.22621.0\um\winnt.h(3771,19): warning C4164: '__mulh': intrinsic function not declared
  (compiling source file 'main.cpp')
  
C:\Program Files (x86)\Windows Kits\10\Include\10.0.22621.0\um\winnt.h(3772,19): warning C4164: '__umulh': intrinsic function not declared
  (compiling source file 'main.cpp')
  
C:\Program Files (x86)\Windows Kits\10\Include\10.0.22621.0\um\winnt.h(3865,19): warning C4164: '_mul128': intrinsic function not declared
  (compiling source file 'main.cpp')
  
C:\Program Files (x86)\Windows Kits\10\Include\10.0.22621.0\um\winnt.h(4018,19): warning C4164: '__readgsbyte': intrinsic function not declared
  (compiling source file 'main.cpp')
  
C:\Program Files (x86)\Windows Kits\10\Include\10.0.22621.0\um\winnt.h(4019,19): warning C4164: '__readgsword': intrinsic function not declared
  (compiling source file 'main.cpp')
  
C:\Program Files (x86)\Windows Kits\10\Include\10.0.22621.0\um\winnt.h(4020,19): warning C4164: '__readgsdword': intrinsic function not declared
  (compiling source file 'main.cpp')
  
C:\Program Files (x86)\Windows Kits\10\Include\10.0.22621.0\um\winnt.h(4021,19): warning C4164: '__readgsqword': intrinsic function not declared
  (compiling source file 'main.cpp')
  
C:\Program Files (x86)\Windows Kits\10\Include\10.0.22621.0\um\winnt.h(4022,19): warning C4164: '__writegsbyte': intrinsic function not declared
  (compiling source file 'main.cpp')
  
C:\Program Files (x86)\Windows Kits\10\Include\10.0.22621.0\um\winnt.h(4023,19): warning C4164: '__writegsword': intrinsic function not declared
  (compiling source file 'main.cpp')
  
C:\Program Files (x86)\Windows Kits\10\Include\10.0.22621.0\um\winnt.h(4024,19): warning C4164: '__writegsdword': intrinsic function not declared
  (compiling source file 'main.cpp')
  
C:\Program Files (x86)\Windows Kits\10\Include\10.0.22621.0\um\winnt.h(4025,19): warning C4164: '__writegsqword': intrinsic function not declared
  (compiling source file 'main.cpp')
  
C:\Program Files (x86)\Windows Kits\10\Include\10.0.22621.0\um\winnt.h(7019,19): warning C4164: '__int2c': intrinsic function not declared
  (compiling source file 'main.cpp')
  
C:\Program Files (x86)\Windows Kits\10\Include\10.0.22621.0\um\winnt.h(21620,19): warning C4164: '__fastfail': intrinsic function not declared
  (compiling source file 'main.cpp')
  
C:\Program Files (x86)\Windows Kits\10\Include\10.0.22621.0\um\minwinbase.h(30,8): error C2059: syntax error: 'string'
  (compiling source file 'main.cpp')
  
C:\Program Files (x86)\Windows Kits\10\Include\10.0.22621.0\um\minwinbase.h(30,12): error C2334: unexpected token(s) preceding '{'; skipping apparent function body
  (compiling source file 'main.cpp')
  
C:\Program Files (x86)\Windows Kits\10\Include\10.0.22621.0\um\apiquery2.h(28,8): error C2059: syntax error: 'string'
  (compiling source file 'main.cpp')
  
C:\Program Files (x86)\Windows Kits\10\Include\10.0.22621.0\um\apiquery2.h(28,12): error C2334: unexpected token(s) preceding '{'; skipping apparent function body
  (compiling source file 'main.cpp')
  
C:\Program Files (x86)\Windows Kits\10\Include\10.0.22621.0\um\processenv.h(22,8): error C2059: syntax error: 'string'
  (compiling source file 'main.cpp')
  
C:\Program Files (x86)\Windows Kits\10\Include\10.0.22621.0\um\processenv.h(22,12): error C2334: unexpected token(s) preceding '{'; skipping apparent function body
  (compiling source file 'main.cpp')
  
C:\Program Files (x86)\Windows Kits\10\Include\10.0.22621.0\um\fileapi.h(22,8): error C2059: syntax error: 'string'
  (compiling source file 'main.cpp')
  
C:\Program Files (x86)\Windows Kits\10\Include\10.0.22621.0\um\fileapi.h(22,12): error C2334: unexpected token(s) preceding '{'; skipping apparent function body
  (compiling source file 'main.cpp')
  
C:\Program Files (x86)\Windows Kits\10\Include\10.0.22621.0\um\fileapifromapp.h(23,8): error C2059: syntax error: 'string'
  (compiling source file 'main.cpp')
  
C:\Program Files (x86)\Windows Kits\10\Include\10.0.22621.0\um\fileapifromapp.h(23,12): error C2334: unexpected token(s) preceding '{'; skipping apparent function body
  (compiling source file 'main.cpp')
  
C:\Program Files (x86)\Windows Kits\10\Include\10.0.22621.0\um\debugapi.h(22,8): error C2059: syntax error: 'string'
  (compiling source file 'main.cpp')
  
C:\Program Files (x86)\Windows Kits\10\Include\10.0.22621.0\um\debugapi.h(22,12): error C2334: unexpected token(s) preceding '{'; skipping apparent function body
  (compiling source file 'main.cpp')
  
C:\Program Files (x86)\Windows Kits\10\Include\10.0.22621.0\um\utilapiset.h(21,8): error C2059: syntax error: 'string'
  (compiling source file 'main.cpp')
  
C:\Program Files (x86)\Windows Kits\10\Include\10.0.22621.0\um\utilapiset.h(21,12): error C2334: unexpected token(s) preceding '{'; skipping apparent function body
  (compiling source file 'main.cpp')
  
C:\Program Files (x86)\Windows Kits\10\Include\10.0.22621.0\um\handleapi.h(21,8): error C2059: syntax error: 'string'
  (compiling source file 'main.cpp')
  
C:\Program Files (x86)\Windows Kits\10\Include\10.0.22621.0\um\handleapi.h(21,12): error C2334: unexpected token(s) preceding '{'; skipping apparent function body
  (compiling source file 'main.cpp')
  
C:\Program Files (x86)\Windows Kits\10\Include\10.0.22621.0\um\errhandlingapi.h(21,8): error C2059: syntax error: 'string'
  (compiling source file 'main.cpp')
  
C:\Program Files (x86)\Windows Kits\10\Include\10.0.22621.0\um\errhandlingapi.h(21,12): error C2334: unexpected token(s) preceding '{'; skipping apparent function body
  (compiling source file 'main.cpp')
  
C:\Program Files (x86)\Windows Kits\10\Include\10.0.22621.0\um\fibersapi.h(21,8): error C2059: syntax error: 'string'
  (compiling source file 'main.cpp')
  
C:\Program Files (x86)\Windows Kits\10\Include\10.0.22621.0\um\fibersapi.h(21,12): error C2334: unexpected token(s) preceding '{'; skipping apparent function body
  (compiling source file 'main.cpp')
  
C:\Program Files (x86)\Windows Kits\10\Include\10.0.22621.0\um\namedpipeapi.h(22,8): error C2059: syntax error: 'string'
  (compiling source file 'main.cpp')
  
C:\Program Files (x86)\Windows Kits\10\Include\10.0.22621.0\um\namedpipeapi.h(22,12): error C2334: unexpected token(s) preceding '{'; skipping apparent function body
  (compiling source file 'main.cpp')
  
C:\Program Files (x86)\Windows Kits\10\Include\10.0.22621.0\um\profileapi.h(21,8): error C2059: syntax error: 'string'
  (compiling source file 'main.cpp')
  
C:\Program Files (x86)\Windows Kits\10\Include\10.0.22621.0\um\profileapi.h(21,12): error C2334: unexpected token(s) preceding '{'; skipping apparent function body
  (compiling source file 'main.cpp')
  
C:\Program Files (x86)\Windows Kits\10\Include\10.0.22621.0\um\heapapi.h(28,8): error C2059: syntax error: 'string'
  (compiling source file 'main.cpp')
  
C:\Program Files (x86)\Windows Kits\10\Include\10.0.22621.0\um\heapapi.h(28,12): error C2334: unexpected token(s) preceding '{'; skipping apparent function body
  (compiling source file 'main.cpp')
  
C:\Program Files (x86)\Windows Kits\10\Include\10.0.22621.0\um\ioapiset.h(22,8): error C2059: syntax error: 'string'
  (compiling source file 'main.cpp')
  
C:\Program Files (x86)\Windows Kits\10\Include\10.0.22621.0\um\ioapiset.h(22,12): error C2334: unexpected token(s) preceding '{'; skipping apparent function body
  (compiling source file 'main.cpp')
  
C:\Program Files (x86)\Windows Kits\10\Include\10.0.22621.0\um\synchapi.h(22,8): error C2059: syntax error: 'string'
  (compiling source file 'main.cpp')
  
C:\Program Files (x86)\Windows Kits\10\Include\10.0.22621.0\um\synchapi.h(22,12): error C2334: unexpected token(s) preceding '{'; skipping apparent function body
  (compiling source file 'main.cpp')
  
C:\Program Files (x86)\Windows Kits\10\Include\10.0.22621.0\um\interlockedapi.h(21,8): error C2059: syntax error: 'string'
  (compiling source file 'main.cpp')
  
C:\Program Files (x86)\Windows Kits\10\Include\10.0.22621.0\um\interlockedapi.h(21,12): error C2334: unexpected token(s) preceding '{'; skipping apparent function body
  (compiling source file 'main.cpp')
  
C:\Program Files (x86)\Windows Kits\10\Include\10.0.22621.0\um\processthreadsapi.h(22,8): error C2059: syntax error: 'string'
  (compiling source file 'main.cpp')
  
C:\Program Files (x86)\Windows Kits\10\Include\10.0.22621.0\um\processthreadsapi.h(22,12): error C2334: unexpected token(s) preceding '{'; skipping apparent function body
  (compiling source file 'main.cpp')
  
C:\Program Files (x86)\Windows Kits\10\Include\10.0.22621.0\um\sysinfoapi.h(41,8): error C2059: syntax error: 'string'
  (compiling source file 'main.cpp')
  
C:\Program Files (x86)\Windows Kits\10\Include\10.0.22621.0\um\sysinfoapi.h(41,12): error C2334: unexpected token(s) preceding '{'; skipping apparent function body
  (compiling source file 'main.cpp')
  
C:\Program Files (x86)\Windows Kits\10\Include\10.0.22621.0\um\memoryapi.h(22,8): error C2059: syntax error: 'string'
  (compiling source file 'main.cpp')
  
C:\Program Files (x86)\Windows Kits\10\Include\10.0.22621.0\um\memoryapi.h(22,12): error C2334: unexpected token(s) preceding '{'; skipping apparent function body
  (compiling source file 'main.cpp')
  
C:\Program Files (x86)\Windows Kits\10\Include\10.0.22621.0\um\enclaveapi.h(22,8): error C2059: syntax error: 'string'
  (compiling source file 'main.cpp')
  
C:\Program Files (x86)\Windows Kits\10\Include\10.0.22621.0\um\enclaveapi.h(22,12): error C2334: unexpected token(s) preceding '{'; skipping apparent function body
  (compiling source file 'main.cpp')
  
C:\Program Files (x86)\Windows Kits\10\Include\10.0.22621.0\um\threadpoollegacyapiset.h(22,8): error C2059: syntax error: 'string'
  (compiling source file 'main.cpp')
  
C:\Program Files (x86)\Windows Kits\10\Include\10.0.22621.0\um\threadpoollegacyapiset.h(22,12): error C2334: unexpected token(s) preceding '{'; skipping apparent function body
  (compiling source file 'main.cpp')
  
C:\Program Files (x86)\Windows Kits\10\Include\10.0.22621.0\um\threadpoolapiset.h(22,8): error C2059: syntax error: 'string'
  (compiling source file 'main.cpp')
  
C:\Program Files (x86)\Windows Kits\10\Include\10.0.22621.0\um\threadpoolapiset.h(22,12): error C2334: unexpected token(s) preceding '{'; skipping apparent function body
  (compiling source file 'main.cpp')
  
C:\Program Files (x86)\Windows Kits\10\Include\10.0.22621.0\um\jobapi.h(22,8): error C2059: syntax error: 'string'
  (compiling source file 'main.cpp')
  
C:\Program Files (x86)\Windows Kits\10\Include\10.0.22621.0\um\jobapi.h(22,12): error C2334: unexpected token(s) preceding '{'; skipping apparent function body
  (compiling source file 'main.cpp')
  
C:\Program Files (x86)\Windows Kits\10\Include\10.0.22621.0\um\jobapi2.h(19,8): error C2059: syntax error: 'string'
  (compiling source file 'main.cpp')
  
C:\Program Files (x86)\Windows Kits\10\Include\10.0.22621.0\um\jobapi2.h(19,12): error C2334: unexpected token(s) preceding '{'; skipping apparent function body
  (compiling source file 'main.cpp')
  
C:\Program Files (x86)\Windows Kits\10\Include\10.0.22621.0\um\wow64apiset.h(22,8): error C2059: syntax error: 'string'
  (compiling source file 'main.cpp')
  
C:\Program Files (x86)\Windows Kits\10\Include\10.0.22621.0\um\wow64apiset.h(22,12): error C2334: unexpected token(s) preceding '{'; skipping apparent function body
  (compiling source file 'main.cpp')
  
C:\Program Files (x86)\Windows Kits\10\Include\10.0.22621.0\um\libloaderapi.h(22,8): error C2059: syntax error: 'string'
  (compiling source file 'main.cpp')
  
C:\Program Files (x86)\Windows Kits\10\Include\10.0.22621.0\um\libloaderapi.h(22,12): error C2334: unexpected token(s) preceding '{'; skipping apparent function body
  (compiling source file 'main.cpp')
  
C:\Program Files (x86)\Windows Kits\10\Include\10.0.22621.0\um\securitybaseapi.h(22,8): error C2059: syntax error: 'string'
  (compiling source file 'main.cpp')
  
C:\Program Files (x86)\Windows Kits\10\Include\10.0.22621.0\um\securitybaseapi.h(22,12): error C2334: unexpected token(s) preceding '{'; skipping apparent function body
  (compiling source file 'main.cpp')
  
C:\Program Files (x86)\Windows Kits\10\Include\10.0.22621.0\um\namespaceapi.h(22,8): error C2059: syntax error: 'string'
  (compiling source file 'main.cpp')
  
C:\Program Files (x86)\Windows Kits\10\Include\10.0.22621.0\um\namespaceapi.h(22,12): error C2334: unexpected token(s) preceding '{'; skipping apparent function body
  (compiling source file 'main.cpp')
  
C:\Program Files (x86)\Windows Kits\10\Include\10.0.22621.0\um\systemtopologyapi.h(22,8): error C2059: syntax error: 'string'
  (compiling source file 'main.cpp')
  
C:\Program Files (x86)\Windows Kits\10\Include\10.0.22621.0\um\systemtopologyapi.h(22,12): error C2334: unexpected token(s) preceding '{'; skipping apparent function body
  (compiling source file 'main.cpp')
  
C:\Program Files (x86)\Windows Kits\10\Include\10.0.22621.0\um\processtopologyapi.h(22,8): error C2059: syntax error: 'string'
  (compiling source file 'main.cpp')
  
C:\Program Files (x86)\Windows Kits\10\Include\10.0.22621.0\um\processtopologyapi.h(22,12): error C2334: unexpected token(s) preceding '{'; skipping apparent function body
  (compiling source file 'main.cpp')
  
C:\Program Files (x86)\Windows Kits\10\Include\10.0.22621.0\um\securityappcontainer.h(26,8): error C2059: syntax error: 'string'
  (compiling source file 'main.cpp')
  
C:\Program Files (x86)\Windows Kits\10\Include\10.0.22621.0\um\securityappcontainer.h(26,12): error C2334: unexpected token(s) preceding '{'; skipping apparent function body
  (compiling source file 'main.cpp')
  
C:\Program Files (x86)\Windows Kits\10\Include\10.0.22621.0\um\realtimeapiset.h(21,8): error C2059: syntax error: 'string'
  (compiling source file 'main.cpp')
  
C:\Program Files (x86)\Windows Kits\10\Include\10.0.22621.0\um\realtimeapiset.h(21,12): error C2334: unexpected token(s) preceding '{'; skipping apparent function body
  (compiling source file 'main.cpp')
  
C:\Program Files (x86)\Windows Kits\10\Include\10.0.22621.0\um\winbase.h(73,8): error C2059: syntax error: 'string'
  (compiling source file 'main.cpp')
  
C:\Program Files (x86)\Windows Kits\10\Include\10.0.22621.0\um\winbase.h(73,12): error C2334: unexpected token(s) preceding '{'; skipping apparent function body
  (compiling source file 'main.cpp')
  
C:\Program Files (x86)\Windows Kits\10\Include\10.0.22621.0\um\winbase.h(9707,8): error C2059: syntax error: 'string'
  (compiling source file 'main.cpp')
  
C:\Program Files (x86)\Windows Kits\10\Include\10.0.22621.0\um\winbase.h(9707,14): error C2334: unexpected token(s) preceding '{'; skipping apparent function body
  (compiling source file 'main.cpp')
  
C:\Program Files (x86)\Windows Kits\10\Include\10.0.22621.0\um\wingdi.h(52,8): error C2059: syntax error: 'string'
  (compiling source file 'main.cpp')
  
C:\Program Files (x86)\Windows Kits\10\Include\10.0.22621.0\um\wingdi.h(52,12): error C2334: unexpected token(s) preceding '{'; skipping apparent function body
  (compiling source file 'main.cpp')
  
C:\Program Files (x86)\Windows Kits\10\Include\10.0.22621.0\um\winuser.h(44,8): error C2059: syntax error: 'string'
  (compiling source file 'main.cpp')
  
C:\Program Files (x86)\Windows Kits\10\Include\10.0.22621.0\um\winuser.h(44,12): error C2334: unexpected token(s) preceding '{'; skipping apparent function body
  (compiling source file 'main.cpp')
  
C:\Program Files (x86)\Windows Kits\10\Include\10.0.22621.0\um\winnls.h(24,8): error C2059: syntax error: 'string'
  (compiling source file 'main.cpp')
  
C:\Program Files (x86)\Windows Kits\10\Include\10.0.22621.0\um\winnls.h(24,12): error C2334: unexpected token(s) preceding '{'; skipping apparent function body
  (compiling source file 'main.cpp')
  
C:\Program Files (x86)\Windows Kits\10\Include\10.0.22621.0\um\wincon.h(30,8): error C2059: syntax error: 'string'
  (compiling source file 'main.cpp')
  
C:\Program Files (x86)\Windows Kits\10\Include\10.0.22621.0\um\wincon.h(30,12): error C2334: unexpected token(s) preceding '{'; skipping apparent function body
  (compiling source file 'main.cpp')
  
C:\Program Files (x86)\Windows Kits\10\Include\10.0.22621.0\um\verrsrc.h(133,8): error C2059: syntax error: 'string'
  (compiling source file 'main.cpp')
  
C:\Program Files (x86)\Windows Kits\10\Include\10.0.22621.0\um\verrsrc.h(133,12): error C2334: unexpected token(s) preceding '{'; skipping apparent function body
  (compiling source file 'main.cpp')
  
C:\Program Files (x86)\Windows Kits\10\Include\10.0.22621.0\um\winver.h(23,8): error C2059: syntax error: 'string'
  (compiling source file 'main.cpp')
  
C:\Program Files (x86)\Windows Kits\10\Include\10.0.22621.0\um\winver.h(23,12): error C2334: unexpected token(s) preceding '{'; skipping apparent function body
  (compiling source file 'main.cpp')
  
C:\Program Files (x86)\Windows Kits\10\Include\10.0.22621.0\um\winreg.h(31,8): error C2059: syntax error: 'string'
  (compiling source file 'main.cpp')
  
C:\Program Files (x86)\Windows Kits\10\Include\10.0.22621.0\um\winreg.h(31,12): error C2334: unexpected token(s) preceding '{'; skipping apparent function body
  (compiling source file 'main.cpp')
  
C:\Program Files (x86)\Windows Kits\10\Include\10.0.22621.0\um\winnetwk.h(33,8): error C2059: syntax error: 'string'
  (compiling source file 'main.cpp')
  
C:\Program Files (x86)\Windows Kits\10\Include\10.0.22621.0\um\winnetwk.h(33,12): error C2334: unexpected token(s) preceding '{'; skipping apparent function body
  (compiling source file 'main.cpp')
  
C:\Program Files (x86)\Windows Kits\10\Include\10.0.22621.0\um\dde.h(27,8): error C2059: syntax error: 'string'
  (compiling source file 'main.cpp')
  
C:\Program Files (x86)\Windows Kits\10\Include\10.0.22621.0\um\dde.h(27,12): error C2334: unexpected token(s) preceding '{'; skipping apparent function body
  (compiling source file 'main.cpp')
  
C:\Program Files (x86)\Windows Kits\10\Include\10.0.22621.0\um\ddeml.h(26,8): error C2059: syntax error: 'string'
  (compiling source file 'main.cpp')
  
C:\Program Files (x86)\Windows Kits\10\Include\10.0.22621.0\um\ddeml.h(26,12): error C2334: unexpected token(s) preceding '{'; skipping apparent function body
  (compiling source file 'main.cpp')
  
C:\Program Files (x86)\Windows Kits\10\Include\10.0.22621.0\um\dlgs.h(266,13): error C3646: 'bRed': unknown override specifier
  (compiling source file 'main.cpp')
  
C:\Program Files (x86)\Windows Kits\10\Include\10.0.22621.0\um\dlgs.h(266,17): error C4430: missing type specifier - int assumed. Note: C++ does not support default-int
  (compiling source file 'main.cpp')
  
C:\Program Files (x86)\Windows Kits\10\Include\10.0.22621.0\um\dlgs.h(267,13): error C3646: 'bGreen': unknown override specifier
  (compiling source file 'main.cpp')
  
C:\Program Files (x86)\Windows Kits\10\Include\10.0.22621.0\um\dlgs.h(267,19): error C4430: missing type specifier - int assumed. Note: C++ does not support default-int
  (compiling source file 'main.cpp')
  
C:\Program Files (x86)\Windows Kits\10\Include\10.0.22621.0\um\dlgs.h(268,13): error C3646: 'bBlue': unknown override specifier
  (compiling source file 'main.cpp')
  
C:\Program Files (x86)\Windows Kits\10\Include\10.0.22621.0\um\dlgs.h(268,18): error C4430: missing type specifier - int assumed. Note: C++ does not support default-int
  (compiling source file 'main.cpp')
  
C:\Program Files (x86)\Windows Kits\10\Include\10.0.22621.0\um\dlgs.h(269,13): error C3646: 'bExtra': unknown override specifier
  (compiling source file 'main.cpp')
  
C:\Program Files (x86)\Windows Kits\10\Include\10.0.22621.0\um\dlgs.h(269,13): error C1003: error count exceeds 100; stopping compilation
  (compiling source file 'main.cpp')
  
  simulation.cpp
C:\Users\fabol\OneDrive\Escritorio\Programming\winter\inheritance design\w12\simulation.h(26,1): error C1075: '{': no matching token found
  (compiling source file 'simulation.cpp')
  
  Generating Code...
